<?xml version="1.0" encoding="UTF-8"?>
<!-- Generated by org.testng.reporters.JUnitXMLReporter -->
<testsuite ignored="0" hostname="MBPe15C02S82S9FVH6.local" failures="0" tests="8" name="Test" time="19.401" errors="0" timestamp="07 Jun. 2019 20:03:16 GMT">
  <testcase classname="Ma.RestAPITest" name="DeleteTwitter" time="0.024"/>
  <testcase classname="Ma.RestAPITest" name="PostJIRA" time="0.001"/>
  <testcase classname="Ma.SeleniumTest" name="BrowserTest" time="0.026"/>
  <testcase classname="Ma.SeleniumTest" name="SecondBrowserTest" time="0.004"/>
  <testcase classname="Ma.AppiumTest" name="NativeAndroid" time="0.009"/>
  <testcase classname="Ma.AppiumTest" name="NativeiOS" time="0.015"/>
  <testcase classname="Ma.SearchTest" name="Search" time="0.389"/>
  <testcase classname="Ma.MovelistTest" name="Movelist" time="0.86"/>
</testsuite> <!-- Test -->
