<?xml version="1.0" encoding="UTF-8"?>
<!-- Generated by org.testng.reporters.JUnitXMLReporter -->
<testsuite ignored="0" hostname="MBPe15C02S82S9FVH6.local" failures="0" tests="7" name="Test" time="11.525" errors="0" timestamp="07 Jun. 2019 19:58:36 GMT">
  <testcase classname="Ma.RestAPITest" name="DeleteTwitter" time="0.011"/>
  <testcase classname="Ma.RestAPITest" name="PostJIRA" time="0.0"/>
  <testcase classname="Ma.SeleniumTest" name="BrowserTest" time="0.0"/>
  <testcase classname="Ma.SeleniumTest" name="SecondBrowserTest" time="0.002"/>
  <testcase classname="Ma.AppiumTest" name="NativeAndroid" time="0.001"/>
  <testcase classname="Ma.AppiumTest" name="NativeiOS" time="0.0"/>
  <testcase classname="Ma.SearchTest" name="Search" time="0.401"/>
</testsuite> <!-- Test -->
