<?xml version="1.0" encoding="UTF-8"?>
<!-- Generated by org.testng.reporters.JUnitXMLReporter -->
<testsuite ignored="0" hostname="MBPe15C02S82S9FVH6.local" failures="1" tests="8" name="Test" time="17.982" errors="0" timestamp="10 Jun. 2019 18:07:20 GMT">
  <testcase classname="Ma.RestAPITest" name="DeleteTwitter" time="0.008"/>
  <testcase classname="Ma.RestAPITest" name="PostJIRA" time="0.001"/>
  <testcase classname="Ma.SeleniumTest" name="BrowserTest" time="0.0"/>
  <testcase classname="Ma.SeleniumTest" name="SecondBrowserTest" time="0.0"/>
  <testcase classname="Ma.AppiumTest" name="NativeAndroid" time="0.0"/>
  <testcase classname="Ma.AppiumTest" name="NativeiOS" time="0.001"/>
  <testcase classname="Ma.SearchTest" name="Search" time="0.189">
    <failure type="java.lang.NullPointerException">
      <![CDATA[java.lang.NullPointerException
at Ma.SearchTest.Search(SearchTest.java:51)
... Removed 29 stack frames]]>
    </failure>
  </testcase> <!-- Search -->
  <testcase classname="Ma.MovelistTest" name="Movelist" time="0.761"/>
</testsuite> <!-- Test -->
