<?xml version="1.0" encoding="UTF-8"?>
<testng-results ignored="0" total="8" passed="7" failed="1" skipped="0">
  <reporter-output>
  </reporter-output>
  <suite started-at="2019-06-10T18:06:57Z" name="Suite" finished-at="2019-06-10T18:07:15Z" duration-ms="17982">
    <groups>
    </groups>
    <test started-at="2019-06-10T18:06:57Z" name="Test" finished-at="2019-06-10T18:07:15Z" duration-ms="17982">
      <class name="Ma.MovelistTest">
        <test-method is-config="true" signature="initialize()[pri:0, instance:Ma.MovelistTest@510f3d34]" started-at="2019-06-10T18:07:07Z" name="initialize" finished-at="2019-06-10T18:07:13Z" duration-ms="6398" status="PASS">
          <reporter-output>
          </reporter-output>
        </test-method> <!-- initialize -->
        <test-method signature="Movelist()[pri:0, instance:Ma.MovelistTest@510f3d34]" started-at="2019-06-10T18:07:13Z" name="Movelist" finished-at="2019-06-10T18:07:14Z" duration-ms="761" status="PASS">
          <reporter-output>
          </reporter-output>
        </test-method> <!-- Movelist -->
        <test-method is-config="true" signature="teardown()[pri:0, instance:Ma.MovelistTest@510f3d34]" started-at="2019-06-10T18:07:14Z" name="teardown" finished-at="2019-06-10T18:07:15Z" duration-ms="965" status="PASS">
          <reporter-output>
          </reporter-output>
        </test-method> <!-- teardown -->
      </class> <!-- Ma.MovelistTest -->
      <class name="Ma.RestAPITest">
        <test-method signature="DeleteTwitter()[pri:0, instance:Ma.RestAPITest@1ff4931d]" started-at="2019-06-10T18:06:57Z" name="DeleteTwitter" finished-at="2019-06-10T18:06:57Z" duration-ms="8" status="PASS">
          <reporter-output>
          </reporter-output>
        </test-method> <!-- DeleteTwitter -->
        <test-method signature="PostJIRA()[pri:0, instance:Ma.RestAPITest@1ff4931d]" started-at="2019-06-10T18:06:57Z" name="PostJIRA" finished-at="2019-06-10T18:06:57Z" duration-ms="1" status="PASS">
          <reporter-output>
          </reporter-output>
        </test-method> <!-- PostJIRA -->
      </class> <!-- Ma.RestAPITest -->
      <class name="Ma.SeleniumTest">
        <test-method signature="BrowserTest()[pri:0, instance:Ma.SeleniumTest@65e98b1c]" started-at="2019-06-10T18:06:57Z" name="BrowserTest" finished-at="2019-06-10T18:06:57Z" duration-ms="0" status="PASS">
          <reporter-output>
          </reporter-output>
        </test-method> <!-- BrowserTest -->
        <test-method signature="SecondBrowserTest()[pri:0, instance:Ma.SeleniumTest@65e98b1c]" started-at="2019-06-10T18:06:57Z" name="SecondBrowserTest" finished-at="2019-06-10T18:06:57Z" duration-ms="0" status="PASS">
          <reporter-output>
          </reporter-output>
        </test-method> <!-- SecondBrowserTest -->
      </class> <!-- Ma.SeleniumTest -->
      <class name="Ma.AppiumTest">
        <test-method signature="NativeiOS()[pri:0, instance:Ma.AppiumTest@61322f9d]" started-at="2019-06-10T18:06:57Z" name="NativeiOS" finished-at="2019-06-10T18:06:57Z" duration-ms="1" status="PASS">
          <reporter-output>
          </reporter-output>
        </test-method> <!-- NativeiOS -->
        <test-method signature="NativeAndroid()[pri:0, instance:Ma.AppiumTest@61322f9d]" started-at="2019-06-10T18:06:57Z" name="NativeAndroid" finished-at="2019-06-10T18:06:57Z" duration-ms="0" status="PASS">
          <reporter-output>
          </reporter-output>
        </test-method> <!-- NativeAndroid -->
      </class> <!-- Ma.AppiumTest -->
      <class name="Ma.SearchTest">
        <test-method is-config="true" signature="initialize()[pri:0, instance:Ma.SearchTest@6ad82709]" started-at="2019-06-10T18:06:57Z" name="initialize" finished-at="2019-06-10T18:07:05Z" duration-ms="8534" status="PASS">
          <reporter-output>
          </reporter-output>
        </test-method> <!-- initialize -->
        <test-method signature="Search()[pri:0, instance:Ma.SearchTest@6ad82709]" started-at="2019-06-10T18:07:05Z" name="Search" finished-at="2019-06-10T18:07:05Z" duration-ms="189" status="FAIL">
          <exception class="java.lang.NullPointerException">
            <full-stacktrace>
              <![CDATA[java.lang.NullPointerException
at Ma.SearchTest.Search(SearchTest.java:51)
at java.base/jdk.internal.reflect.NativeMethodAccessorImpl.invoke0(Native Method)
at java.base/jdk.internal.reflect.NativeMethodAccessorImpl.invoke(NativeMethodAccessorImpl.java:62)
at java.base/jdk.internal.reflect.DelegatingMethodAccessorImpl.invoke(DelegatingMethodAccessorImpl.java:43)
at java.base/java.lang.reflect.Method.invoke(Method.java:566)
at org.testng.internal.MethodInvocationHelper.invokeMethod(MethodInvocationHelper.java:124)
at org.testng.internal.Invoker.invokeMethod(Invoker.java:583)
at org.testng.internal.Invoker.invokeTestMethod(Invoker.java:719)
at org.testng.internal.Invoker.invokeTestMethods(Invoker.java:989)
at org.testng.internal.TestMethodWorker.invokeTestMethods(TestMethodWorker.java:125)
at org.testng.internal.TestMethodWorker.run(TestMethodWorker.java:109)
at org.testng.TestRunner.privateRun(TestRunner.java:648)
at org.testng.TestRunner.run(TestRunner.java:505)
at org.testng.SuiteRunner.runTest(SuiteRunner.java:455)
at org.testng.SuiteRunner.runSequentially(SuiteRunner.java:450)
at org.testng.SuiteRunner.privateRun(SuiteRunner.java:415)
at org.testng.SuiteRunner.run(SuiteRunner.java:364)
at org.testng.SuiteRunnerWorker.runSuite(SuiteRunnerWorker.java:52)
at org.testng.SuiteRunnerWorker.run(SuiteRunnerWorker.java:84)
at org.testng.TestNG.runSuitesSequentially(TestNG.java:1208)
at org.testng.TestNG.runSuitesLocally(TestNG.java:1137)
at org.testng.TestNG.runSuites(TestNG.java:1049)
at org.testng.TestNG.run(TestNG.java:1017)
at org.apache.maven.surefire.testng.TestNGExecutor.run(TestNGExecutor.java:283)
at org.apache.maven.surefire.testng.TestNGXmlTestSuite.execute(TestNGXmlTestSuite.java:75)
at org.apache.maven.surefire.testng.TestNGProvider.invoke(TestNGProvider.java:120)
at org.apache.maven.surefire.booter.ForkedBooter.invokeProviderInSameClassLoader(ForkedBooter.java:384)
at org.apache.maven.surefire.booter.ForkedBooter.runSuitesInProcess(ForkedBooter.java:345)
at org.apache.maven.surefire.booter.ForkedBooter.execute(ForkedBooter.java:126)
at org.apache.maven.surefire.booter.ForkedBooter.main(ForkedBooter.java:418)
]]>
            </full-stacktrace>
          </exception> <!-- java.lang.NullPointerException -->
          <reporter-output>
          </reporter-output>
        </test-method> <!-- Search -->
        <test-method is-config="true" signature="teardown()[pri:0, instance:Ma.SearchTest@6ad82709]" started-at="2019-06-10T18:07:06Z" name="teardown" finished-at="2019-06-10T18:07:07Z" duration-ms="1075" status="PASS">
          <reporter-output>
          </reporter-output>
        </test-method> <!-- teardown -->
      </class> <!-- Ma.SearchTest -->
    </test> <!-- Test -->
  </suite> <!-- Suite -->
</testng-results>
