<?xml version="1.0" encoding="UTF-8"?>
<testsuite xmlns:xsi="http://www.w3.org/2001/XMLSchema-instance" xsi:noNamespaceSchemaLocation="https://maven.apache.org/surefire/maven-surefire-plugin/xsd/surefire-test-report-3.0.xsd" version="3.0" name="TestSuite" time="17.452" tests="7" errors="0" skipped="0" failures="0">
  <properties>
[...]
</properties>
  <testcase name="DeleteTwitter" classname="Ma.RestAPITest" time="0.011"/>
  <testcase name="PostJIRA" classname="Ma.RestAPITest" time="0"/>
  <testcase name="BrowserTest" classname="Ma.SeleniumTest" time="0.001"/>
  <testcase name="SecondBrowserTest" classname="Ma.SeleniumTest" time="0.002"/>
  <testcase name="NativeAndroid" classname="Ma.AppiumTest" time="0.001"/>
  <testcase name="NativeiOS" classname="Ma.AppiumTest" time="0.001"/>
  <testcase name="Search" classname="Ma.SearchTest" time="0.401"/>
</testsuite>